[35m[1mScanning dependencies of target velocity_observer[0m
[ 12%] [32mBuilding CXX object CMakeFiles/velocity_observer.dir/src/VelocityState.cpp.o[0m
[ 12%] [32mBuilding CXX object CMakeFiles/velocity_observer.dir/src/VelocityConverter.cpp.o[0m
[ 18%] [32mBuilding CXX object CMakeFiles/velocity_observer.dir/src/VelocityConverterFactory.cpp.o[0m
[ 25%] [32mBuilding CXX object CMakeFiles/velocity_observer.dir/src/VelocityConverterTwist.cpp.o[0m
[ 31%] [32mBuilding CXX object CMakeFiles/velocity_observer.dir/src/VelocityConverterTwistStamped.cpp.o[0m
[ 37%] [32mBuilding CXX object CMakeFiles/velocity_observer.dir/src/VelocityConverterIMU.cpp.o[0m
[ 43%] [32mBuilding CXX object CMakeFiles/velocity_observer.dir/src/VelocityConverterOdometry.cpp.o[0m
[ 50%] [32mBuilding CXX object CMakeFiles/velocity_observer.dir/src/VelocityConverterPoseStamped.cpp.o[0m
[ 56%] [32mBuilding CXX object CMakeFiles/velocity_observer.dir/src/VelocityConverterTf.cpp.o[0m
[ 62%] [32mBuilding CXX object CMakeFiles/velocity_observer.dir/src/MovementReading.cpp.o[0m
[ 68%] [32mBuilding CXX object CMakeFiles/velocity_observer.dir/src/VelocityConverterPose.cpp.o[0m
[ 75%] [32mBuilding CXX object CMakeFiles/velocity_observer.dir/src/VelocityObserver.cpp.o[0m
[ 81%] [32mBuilding CXX object CMakeFiles/velocity_observer.dir/src/VelocityChecker.cpp.o[0m
[ 87%] [32m[1mLinking CXX shared library /home/anna/catkin_ws/devel/.private/tug_velocity_observer/lib/libvelocity_observer.so[0m
[ 87%] Built target velocity_observer
[35m[1mScanning dependencies of target velocity_plugin[0m
[ 93%] [32mBuilding CXX object CMakeFiles/velocity_plugin.dir/src/VelocityPlugin.cpp.o[0m
[100%] [32m[1mLinking CXX shared library /home/anna/catkin_ws/devel/.private/tug_velocity_observer/lib/libvelocity_plugin.so[0m
[100%] Built target velocity_plugin
