Determining if the pthread_create exist failed with the following output:
Change Dir: /home/anna/catkin_ws/build/tug_score_observer/CMakeFiles/CMakeTmp

Run Build Command:"/usr/bin/make" "cmTC_b438a/fast"
/usr/bin/make -f CMakeFiles/cmTC_b438a.dir/build.make CMakeFiles/cmTC_b438a.dir/build
make[1]: Entering directory '/home/anna/catkin_ws/build/tug_score_observer/CMakeFiles/CMakeTmp'
Building C object CMakeFiles/cmTC_b438a.dir/CheckSymbolExists.c.o
/usr/bin/cc     -o CMakeFiles/cmTC_b438a.dir/CheckSymbolExists.c.o   -c /home/anna/catkin_ws/build/tug_score_observer/CMakeFiles/CMakeTmp/CheckSymbolExists.c
Linking C executable cmTC_b438a
/usr/bin/cmake -E cmake_link_script CMakeFiles/cmTC_b438a.dir/link.txt --verbose=1
/usr/bin/cc       CMakeFiles/cmTC_b438a.dir/CheckSymbolExists.c.o  -o cmTC_b438a -rdynamic 
CMakeFiles/cmTC_b438a.dir/CheckSymbolExists.c.o: In function `main':
CheckSymbolExists.c:(.text+0x16): undefined reference to `pthread_create'
collect2: error: ld returned 1 exit status
CMakeFiles/cmTC_b438a.dir/build.make:97: recipe for target 'cmTC_b438a' failed
make[1]: *** [cmTC_b438a] Error 1
make[1]: Leaving directory '/home/anna/catkin_ws/build/tug_score_observer/CMakeFiles/CMakeTmp'
Makefile:126: recipe for target 'cmTC_b438a/fast' failed
make: *** [cmTC_b438a/fast] Error 2

File /home/anna/catkin_ws/build/tug_score_observer/CMakeFiles/CMakeTmp/CheckSymbolExists.c:
/* */
#include <pthread.h>

int main(int argc, char** argv)
{
  (void)argv;
#ifndef pthread_create
  return ((int*)(&pthread_create))[argc];
#else
  (void)argc;
  return 0;
#endif
}

Determining if the function pthread_create exists in the pthreads failed with the following output:
Change Dir: /home/anna/catkin_ws/build/tug_score_observer/CMakeFiles/CMakeTmp

Run Build Command:"/usr/bin/make" "cmTC_49934/fast"
/usr/bin/make -f CMakeFiles/cmTC_49934.dir/build.make CMakeFiles/cmTC_49934.dir/build
make[1]: Entering directory '/home/anna/catkin_ws/build/tug_score_observer/CMakeFiles/CMakeTmp'
Building C object CMakeFiles/cmTC_49934.dir/CheckFunctionExists.c.o
/usr/bin/cc    -DCHECK_FUNCTION_EXISTS=pthread_create   -o CMakeFiles/cmTC_49934.dir/CheckFunctionExists.c.o   -c /usr/share/cmake-3.5/Modules/CheckFunctionExists.c
Linking C executable cmTC_49934
/usr/bin/cmake -E cmake_link_script CMakeFiles/cmTC_49934.dir/link.txt --verbose=1
/usr/bin/cc   -DCHECK_FUNCTION_EXISTS=pthread_create    CMakeFiles/cmTC_49934.dir/CheckFunctionExists.c.o  -o cmTC_49934 -rdynamic -lpthreads 
/usr/bin/ld: cannot find -lpthreads
collect2: error: ld returned 1 exit status
CMakeFiles/cmTC_49934.dir/build.make:97: recipe for target 'cmTC_49934' failed
make[1]: *** [cmTC_49934] Error 1
make[1]: Leaving directory '/home/anna/catkin_ws/build/tug_score_observer/CMakeFiles/CMakeTmp'
Makefile:126: recipe for target 'cmTC_49934/fast' failed
make: *** [cmTC_49934/fast] Error 2


