Symlinking /home/anna/catkin_ws/devel/lib/pkgconfig/tug_reporter.pc
Symlinking /home/anna/catkin_ws/devel/lib/python2.7/dist-packages/tug_reporter/__init__.py
Symlinking /home/anna/catkin_ws/devel/lib/python2.7/dist-packages/tug_reporter/srv/_SetString.py
Symlinking /home/anna/catkin_ws/devel/lib/python2.7/dist-packages/tug_reporter/srv/__init__.py
Symlinking /home/anna/catkin_ws/devel/include/tug_reporter/SetStringResponse.h
Symlinking /home/anna/catkin_ws/devel/include/tug_reporter/SetStringRequest.h
Symlinking /home/anna/catkin_ws/devel/include/tug_reporter/SetString.h
Symlinking /home/anna/catkin_ws/devel/share/tug_reporter/cmake/tug_reporter-msg-extras.cmake
Symlinking /home/anna/catkin_ws/devel/share/tug_reporter/cmake/tug_reporterConfig-version.cmake
Symlinking /home/anna/catkin_ws/devel/share/tug_reporter/cmake/tug_reporter-msg-paths.cmake
Symlinking /home/anna/catkin_ws/devel/share/tug_reporter/cmake/tug_reporterConfig.cmake
Symlinking /home/anna/catkin_ws/devel/share/common-lisp/ros/tug_reporter/srv/_package_SetString.lisp
Symlinking /home/anna/catkin_ws/devel/share/common-lisp/ros/tug_reporter/srv/tug_reporter-srv.asd
Symlinking /home/anna/catkin_ws/devel/share/common-lisp/ros/tug_reporter/srv/_package.lisp
Symlinking /home/anna/catkin_ws/devel/share/common-lisp/ros/tug_reporter/srv/SetString.lisp
Symlinking /home/anna/catkin_ws/devel/share/roseus/ros/tug_reporter/manifest.l
Symlinking /home/anna/catkin_ws/devel/share/roseus/ros/tug_reporter/srv/SetString.l
Symlinking /home/anna/catkin_ws/devel/share/gennodejs/ros/tug_reporter/_index.js
Symlinking /home/anna/catkin_ws/devel/share/gennodejs/ros/tug_reporter/srv/SetString.js
Symlinking /home/anna/catkin_ws/devel/share/gennodejs/ros/tug_reporter/srv/_index.js
