Linked: (/home/anna/catkin_ws/devel/.private/tug_reporter/lib/pkgconfig/tug_reporter.pc, /home/anna/catkin_ws/devel/lib/pkgconfig/tug_reporter.pc)
Linked: (/home/anna/catkin_ws/devel/.private/tug_reporter/lib/python2.7/dist-packages/tug_reporter/__init__.py, /home/anna/catkin_ws/devel/lib/python2.7/dist-packages/tug_reporter/__init__.py)
Linked: (/home/anna/catkin_ws/devel/.private/tug_reporter/lib/python2.7/dist-packages/tug_reporter/srv/_SetString.py, /home/anna/catkin_ws/devel/lib/python2.7/dist-packages/tug_reporter/srv/_SetString.py)
Linked: (/home/anna/catkin_ws/devel/.private/tug_reporter/lib/python2.7/dist-packages/tug_reporter/srv/__init__.py, /home/anna/catkin_ws/devel/lib/python2.7/dist-packages/tug_reporter/srv/__init__.py)
Linked: (/home/anna/catkin_ws/devel/.private/tug_reporter/include/tug_reporter/SetStringResponse.h, /home/anna/catkin_ws/devel/include/tug_reporter/SetStringResponse.h)
Linked: (/home/anna/catkin_ws/devel/.private/tug_reporter/include/tug_reporter/SetStringRequest.h, /home/anna/catkin_ws/devel/include/tug_reporter/SetStringRequest.h)
Linked: (/home/anna/catkin_ws/devel/.private/tug_reporter/include/tug_reporter/SetString.h, /home/anna/catkin_ws/devel/include/tug_reporter/SetString.h)
Linked: (/home/anna/catkin_ws/devel/.private/tug_reporter/share/tug_reporter/cmake/tug_reporter-msg-extras.cmake, /home/anna/catkin_ws/devel/share/tug_reporter/cmake/tug_reporter-msg-extras.cmake)
Linked: (/home/anna/catkin_ws/devel/.private/tug_reporter/share/tug_reporter/cmake/tug_reporterConfig-version.cmake, /home/anna/catkin_ws/devel/share/tug_reporter/cmake/tug_reporterConfig-version.cmake)
Linked: (/home/anna/catkin_ws/devel/.private/tug_reporter/share/tug_reporter/cmake/tug_reporter-msg-paths.cmake, /home/anna/catkin_ws/devel/share/tug_reporter/cmake/tug_reporter-msg-paths.cmake)
Linked: (/home/anna/catkin_ws/devel/.private/tug_reporter/share/tug_reporter/cmake/tug_reporterConfig.cmake, /home/anna/catkin_ws/devel/share/tug_reporter/cmake/tug_reporterConfig.cmake)
Linked: (/home/anna/catkin_ws/devel/.private/tug_reporter/share/common-lisp/ros/tug_reporter/srv/_package_SetString.lisp, /home/anna/catkin_ws/devel/share/common-lisp/ros/tug_reporter/srv/_package_SetString.lisp)
Linked: (/home/anna/catkin_ws/devel/.private/tug_reporter/share/common-lisp/ros/tug_reporter/srv/tug_reporter-srv.asd, /home/anna/catkin_ws/devel/share/common-lisp/ros/tug_reporter/srv/tug_reporter-srv.asd)
Linked: (/home/anna/catkin_ws/devel/.private/tug_reporter/share/common-lisp/ros/tug_reporter/srv/_package.lisp, /home/anna/catkin_ws/devel/share/common-lisp/ros/tug_reporter/srv/_package.lisp)
Linked: (/home/anna/catkin_ws/devel/.private/tug_reporter/share/common-lisp/ros/tug_reporter/srv/SetString.lisp, /home/anna/catkin_ws/devel/share/common-lisp/ros/tug_reporter/srv/SetString.lisp)
Linked: (/home/anna/catkin_ws/devel/.private/tug_reporter/share/roseus/ros/tug_reporter/manifest.l, /home/anna/catkin_ws/devel/share/roseus/ros/tug_reporter/manifest.l)
Linked: (/home/anna/catkin_ws/devel/.private/tug_reporter/share/roseus/ros/tug_reporter/srv/SetString.l, /home/anna/catkin_ws/devel/share/roseus/ros/tug_reporter/srv/SetString.l)
Linked: (/home/anna/catkin_ws/devel/.private/tug_reporter/share/gennodejs/ros/tug_reporter/_index.js, /home/anna/catkin_ws/devel/share/gennodejs/ros/tug_reporter/_index.js)
Linked: (/home/anna/catkin_ws/devel/.private/tug_reporter/share/gennodejs/ros/tug_reporter/srv/SetString.js, /home/anna/catkin_ws/devel/share/gennodejs/ros/tug_reporter/srv/SetString.js)
Linked: (/home/anna/catkin_ws/devel/.private/tug_reporter/share/gennodejs/ros/tug_reporter/srv/_index.js, /home/anna/catkin_ws/devel/share/gennodejs/ros/tug_reporter/srv/_index.js)
