Linked: (/home/anna/catkin_ws/devel/.private/tug_resource_monitor/lib/pkgconfig/tug_resource_monitor.pc, /home/anna/catkin_ws/devel/lib/pkgconfig/tug_resource_monitor.pc)
Linked: (/home/anna/catkin_ws/devel/.private/tug_resource_monitor/lib/python2.7/dist-packages/tug_resource_monitor/__init__.py, /home/anna/catkin_ws/devel/lib/python2.7/dist-packages/tug_resource_monitor/__init__.py)
Linked: (/home/anna/catkin_ws/devel/.private/tug_resource_monitor/lib/python2.7/dist-packages/tug_resource_monitor/srv/_NodesInfo.py, /home/anna/catkin_ws/devel/lib/python2.7/dist-packages/tug_resource_monitor/srv/_NodesInfo.py)
Linked: (/home/anna/catkin_ws/devel/.private/tug_resource_monitor/lib/python2.7/dist-packages/tug_resource_monitor/srv/__init__.py, /home/anna/catkin_ws/devel/lib/python2.7/dist-packages/tug_resource_monitor/srv/__init__.py)
Linked: (/home/anna/catkin_ws/devel/.private/tug_resource_monitor/lib/python2.7/dist-packages/tug_resource_monitor/msg/_NodeInfo.py, /home/anna/catkin_ws/devel/lib/python2.7/dist-packages/tug_resource_monitor/msg/_NodeInfo.py)
Linked: (/home/anna/catkin_ws/devel/.private/tug_resource_monitor/lib/python2.7/dist-packages/tug_resource_monitor/msg/__init__.py, /home/anna/catkin_ws/devel/lib/python2.7/dist-packages/tug_resource_monitor/msg/__init__.py)
Linked: (/home/anna/catkin_ws/devel/.private/tug_resource_monitor/lib/python2.7/dist-packages/tug_resource_monitor/msg/_NodeInfoArray.py, /home/anna/catkin_ws/devel/lib/python2.7/dist-packages/tug_resource_monitor/msg/_NodeInfoArray.py)
Linked: (/home/anna/catkin_ws/devel/.private/tug_resource_monitor/include/tug_resource_monitor/NodesInfoResponse.h, /home/anna/catkin_ws/devel/include/tug_resource_monitor/NodesInfoResponse.h)
Linked: (/home/anna/catkin_ws/devel/.private/tug_resource_monitor/include/tug_resource_monitor/NodesInfo.h, /home/anna/catkin_ws/devel/include/tug_resource_monitor/NodesInfo.h)
Linked: (/home/anna/catkin_ws/devel/.private/tug_resource_monitor/include/tug_resource_monitor/NodesInfoRequest.h, /home/anna/catkin_ws/devel/include/tug_resource_monitor/NodesInfoRequest.h)
Linked: (/home/anna/catkin_ws/devel/.private/tug_resource_monitor/include/tug_resource_monitor/NodeInfoArray.h, /home/anna/catkin_ws/devel/include/tug_resource_monitor/NodeInfoArray.h)
Linked: (/home/anna/catkin_ws/devel/.private/tug_resource_monitor/include/tug_resource_monitor/NodeInfo.h, /home/anna/catkin_ws/devel/include/tug_resource_monitor/NodeInfo.h)
Linked: (/home/anna/catkin_ws/devel/.private/tug_resource_monitor/share/common-lisp/ros/tug_resource_monitor/srv/NodesInfo.lisp, /home/anna/catkin_ws/devel/share/common-lisp/ros/tug_resource_monitor/srv/NodesInfo.lisp)
Linked: (/home/anna/catkin_ws/devel/.private/tug_resource_monitor/share/common-lisp/ros/tug_resource_monitor/srv/_package_NodesInfo.lisp, /home/anna/catkin_ws/devel/share/common-lisp/ros/tug_resource_monitor/srv/_package_NodesInfo.lisp)
Linked: (/home/anna/catkin_ws/devel/.private/tug_resource_monitor/share/common-lisp/ros/tug_resource_monitor/srv/_package.lisp, /home/anna/catkin_ws/devel/share/common-lisp/ros/tug_resource_monitor/srv/_package.lisp)
Linked: (/home/anna/catkin_ws/devel/.private/tug_resource_monitor/share/common-lisp/ros/tug_resource_monitor/srv/tug_resource_monitor-srv.asd, /home/anna/catkin_ws/devel/share/common-lisp/ros/tug_resource_monitor/srv/tug_resource_monitor-srv.asd)
Linked: (/home/anna/catkin_ws/devel/.private/tug_resource_monitor/share/common-lisp/ros/tug_resource_monitor/msg/_package_NodeInfo.lisp, /home/anna/catkin_ws/devel/share/common-lisp/ros/tug_resource_monitor/msg/_package_NodeInfo.lisp)
Linked: (/home/anna/catkin_ws/devel/.private/tug_resource_monitor/share/common-lisp/ros/tug_resource_monitor/msg/NodeInfoArray.lisp, /home/anna/catkin_ws/devel/share/common-lisp/ros/tug_resource_monitor/msg/NodeInfoArray.lisp)
Linked: (/home/anna/catkin_ws/devel/.private/tug_resource_monitor/share/common-lisp/ros/tug_resource_monitor/msg/tug_resource_monitor-msg.asd, /home/anna/catkin_ws/devel/share/common-lisp/ros/tug_resource_monitor/msg/tug_resource_monitor-msg.asd)
Linked: (/home/anna/catkin_ws/devel/.private/tug_resource_monitor/share/common-lisp/ros/tug_resource_monitor/msg/NodeInfo.lisp, /home/anna/catkin_ws/devel/share/common-lisp/ros/tug_resource_monitor/msg/NodeInfo.lisp)
Linked: (/home/anna/catkin_ws/devel/.private/tug_resource_monitor/share/common-lisp/ros/tug_resource_monitor/msg/_package_NodeInfoArray.lisp, /home/anna/catkin_ws/devel/share/common-lisp/ros/tug_resource_monitor/msg/_package_NodeInfoArray.lisp)
Linked: (/home/anna/catkin_ws/devel/.private/tug_resource_monitor/share/common-lisp/ros/tug_resource_monitor/msg/_package.lisp, /home/anna/catkin_ws/devel/share/common-lisp/ros/tug_resource_monitor/msg/_package.lisp)
Linked: (/home/anna/catkin_ws/devel/.private/tug_resource_monitor/share/roseus/ros/tug_resource_monitor/manifest.l, /home/anna/catkin_ws/devel/share/roseus/ros/tug_resource_monitor/manifest.l)
Linked: (/home/anna/catkin_ws/devel/.private/tug_resource_monitor/share/roseus/ros/tug_resource_monitor/srv/NodesInfo.l, /home/anna/catkin_ws/devel/share/roseus/ros/tug_resource_monitor/srv/NodesInfo.l)
Linked: (/home/anna/catkin_ws/devel/.private/tug_resource_monitor/share/roseus/ros/tug_resource_monitor/msg/NodeInfoArray.l, /home/anna/catkin_ws/devel/share/roseus/ros/tug_resource_monitor/msg/NodeInfoArray.l)
Linked: (/home/anna/catkin_ws/devel/.private/tug_resource_monitor/share/roseus/ros/tug_resource_monitor/msg/NodeInfo.l, /home/anna/catkin_ws/devel/share/roseus/ros/tug_resource_monitor/msg/NodeInfo.l)
Linked: (/home/anna/catkin_ws/devel/.private/tug_resource_monitor/share/gennodejs/ros/tug_resource_monitor/_index.js, /home/anna/catkin_ws/devel/share/gennodejs/ros/tug_resource_monitor/_index.js)
Linked: (/home/anna/catkin_ws/devel/.private/tug_resource_monitor/share/gennodejs/ros/tug_resource_monitor/srv/NodesInfo.js, /home/anna/catkin_ws/devel/share/gennodejs/ros/tug_resource_monitor/srv/NodesInfo.js)
Linked: (/home/anna/catkin_ws/devel/.private/tug_resource_monitor/share/gennodejs/ros/tug_resource_monitor/srv/_index.js, /home/anna/catkin_ws/devel/share/gennodejs/ros/tug_resource_monitor/srv/_index.js)
Linked: (/home/anna/catkin_ws/devel/.private/tug_resource_monitor/share/gennodejs/ros/tug_resource_monitor/msg/NodeInfoArray.js, /home/anna/catkin_ws/devel/share/gennodejs/ros/tug_resource_monitor/msg/NodeInfoArray.js)
Linked: (/home/anna/catkin_ws/devel/.private/tug_resource_monitor/share/gennodejs/ros/tug_resource_monitor/msg/NodeInfo.js, /home/anna/catkin_ws/devel/share/gennodejs/ros/tug_resource_monitor/msg/NodeInfo.js)
Linked: (/home/anna/catkin_ws/devel/.private/tug_resource_monitor/share/gennodejs/ros/tug_resource_monitor/msg/_index.js, /home/anna/catkin_ws/devel/share/gennodejs/ros/tug_resource_monitor/msg/_index.js)
Linked: (/home/anna/catkin_ws/devel/.private/tug_resource_monitor/share/tug_resource_monitor/cmake/tug_resource_monitorConfig-version.cmake, /home/anna/catkin_ws/devel/share/tug_resource_monitor/cmake/tug_resource_monitorConfig-version.cmake)
Linked: (/home/anna/catkin_ws/devel/.private/tug_resource_monitor/share/tug_resource_monitor/cmake/tug_resource_monitor-msg-extras.cmake, /home/anna/catkin_ws/devel/share/tug_resource_monitor/cmake/tug_resource_monitor-msg-extras.cmake)
Linked: (/home/anna/catkin_ws/devel/.private/tug_resource_monitor/share/tug_resource_monitor/cmake/tug_resource_monitorConfig.cmake, /home/anna/catkin_ws/devel/share/tug_resource_monitor/cmake/tug_resource_monitorConfig.cmake)
Linked: (/home/anna/catkin_ws/devel/.private/tug_resource_monitor/share/tug_resource_monitor/cmake/tug_resource_monitor-msg-paths.cmake, /home/anna/catkin_ws/devel/share/tug_resource_monitor/cmake/tug_resource_monitor-msg-paths.cmake)
