[35m[1mScanning dependencies of target _tug_resource_monitor_generate_messages_check_deps_NodesInfo[0m
[  0%] Built target _tug_resource_monitor_generate_messages_check_deps_NodesInfo
[35m[1mScanning dependencies of target _tug_resource_monitor_generate_messages_check_deps_NodeInfoArray[0m
[  0%] Built target _tug_resource_monitor_generate_messages_check_deps_NodeInfoArray
[35m[1mScanning dependencies of target _tug_resource_monitor_generate_messages_check_deps_NodeInfo[0m
[  0%] Built target _tug_resource_monitor_generate_messages_check_deps_NodeInfo
[35m[1mScanning dependencies of target std_msgs_generate_messages_cpp[0m
[  0%] Built target std_msgs_generate_messages_cpp
[35m[1mScanning dependencies of target std_msgs_generate_messages_py[0m
[  0%] Built target std_msgs_generate_messages_py
[35m[1mScanning dependencies of target std_msgs_generate_messages_nodejs[0m
[  0%] Built target std_msgs_generate_messages_nodejs
[35m[1mScanning dependencies of target std_msgs_generate_messages_lisp[0m
[  0%] Built target std_msgs_generate_messages_lisp
[35m[1mScanning dependencies of target std_msgs_generate_messages_eus[0m
[  0%] Built target std_msgs_generate_messages_eus
[35m[1mScanning dependencies of target tug_resource_monitor_generate_messages_cpp[0m
[  5%] [34m[1mGenerating C++ code from tug_resource_monitor/NodeInfoArray.msg[0m
[ 11%] [34m[1mGenerating C++ code from tug_resource_monitor/NodeInfo.msg[0m
[ 16%] [34m[1mGenerating C++ code from tug_resource_monitor/NodesInfo.srv[0m
[ 16%] Built target tug_resource_monitor_generate_messages_cpp
[35m[1mScanning dependencies of target tug_resource_monitor_generate_messages_py[0m
[ 22%] [34m[1mGenerating Python from MSG tug_resource_monitor/NodeInfoArray[0m
[ 27%] [34m[1mGenerating Python from MSG tug_resource_monitor/NodeInfo[0m
[ 33%] [34m[1mGenerating Python code from SRV tug_resource_monitor/NodesInfo[0m
[ 38%] [34m[1mGenerating Python msg __init__.py for tug_resource_monitor[0m
[ 44%] [34m[1mGenerating Python srv __init__.py for tug_resource_monitor[0m
[ 44%] Built target tug_resource_monitor_generate_messages_py
[35m[1mScanning dependencies of target tug_resource_monitor_generate_messages_nodejs[0m
[ 50%] [34m[1mGenerating Javascript code from tug_resource_monitor/NodeInfoArray.msg[0m
[ 55%] [34m[1mGenerating Javascript code from tug_resource_monitor/NodeInfo.msg[0m
[ 61%] [34m[1mGenerating Javascript code from tug_resource_monitor/NodesInfo.srv[0m
[35m[1mScanning dependencies of target tug_resource_monitor_generate_messages_lisp[0m
[ 66%] [34m[1mGenerating Lisp code from tug_resource_monitor/NodeInfoArray.msg[0m
[ 66%] Built target tug_resource_monitor_generate_messages_nodejs
[35m[1mScanning dependencies of target tug_resource_monitor_generate_messages_eus[0m
[ 72%] [34m[1mGenerating EusLisp code from tug_resource_monitor/NodeInfoArray.msg[0m
[ 77%] [34m[1mGenerating Lisp code from tug_resource_monitor/NodeInfo.msg[0m
[ 83%] [34m[1mGenerating Lisp code from tug_resource_monitor/NodesInfo.srv[0m
[ 88%] [34m[1mGenerating EusLisp code from tug_resource_monitor/NodeInfo.msg[0m
[ 88%] Built target tug_resource_monitor_generate_messages_lisp
[ 94%] [34m[1mGenerating EusLisp code from tug_resource_monitor/NodesInfo.srv[0m
[100%] [34m[1mGenerating EusLisp manifest code for tug_resource_monitor[0m
[100%] Built target tug_resource_monitor_generate_messages_eus
[35m[1mScanning dependencies of target tug_resource_monitor_generate_messages[0m
[100%] Built target tug_resource_monitor_generate_messages
