Symlinking /home/anna/catkin_ws/devel/lib/pkgconfig/tug_resource_monitor.pc
Symlinking /home/anna/catkin_ws/devel/lib/python2.7/dist-packages/tug_resource_monitor/__init__.py
Symlinking /home/anna/catkin_ws/devel/lib/python2.7/dist-packages/tug_resource_monitor/srv/_NodesInfo.py
Symlinking /home/anna/catkin_ws/devel/lib/python2.7/dist-packages/tug_resource_monitor/srv/__init__.py
Symlinking /home/anna/catkin_ws/devel/lib/python2.7/dist-packages/tug_resource_monitor/msg/_NodeInfo.py
Symlinking /home/anna/catkin_ws/devel/lib/python2.7/dist-packages/tug_resource_monitor/msg/__init__.py
Symlinking /home/anna/catkin_ws/devel/lib/python2.7/dist-packages/tug_resource_monitor/msg/_NodeInfoArray.py
Symlinking /home/anna/catkin_ws/devel/include/tug_resource_monitor/NodesInfoResponse.h
Symlinking /home/anna/catkin_ws/devel/include/tug_resource_monitor/NodesInfo.h
Symlinking /home/anna/catkin_ws/devel/include/tug_resource_monitor/NodesInfoRequest.h
Symlinking /home/anna/catkin_ws/devel/include/tug_resource_monitor/NodeInfoArray.h
Symlinking /home/anna/catkin_ws/devel/include/tug_resource_monitor/NodeInfo.h
Symlinking /home/anna/catkin_ws/devel/share/common-lisp/ros/tug_resource_monitor/srv/NodesInfo.lisp
Symlinking /home/anna/catkin_ws/devel/share/common-lisp/ros/tug_resource_monitor/srv/_package_NodesInfo.lisp
Symlinking /home/anna/catkin_ws/devel/share/common-lisp/ros/tug_resource_monitor/srv/_package.lisp
Symlinking /home/anna/catkin_ws/devel/share/common-lisp/ros/tug_resource_monitor/srv/tug_resource_monitor-srv.asd
Symlinking /home/anna/catkin_ws/devel/share/common-lisp/ros/tug_resource_monitor/msg/_package_NodeInfo.lisp
Symlinking /home/anna/catkin_ws/devel/share/common-lisp/ros/tug_resource_monitor/msg/NodeInfoArray.lisp
Symlinking /home/anna/catkin_ws/devel/share/common-lisp/ros/tug_resource_monitor/msg/tug_resource_monitor-msg.asd
Symlinking /home/anna/catkin_ws/devel/share/common-lisp/ros/tug_resource_monitor/msg/NodeInfo.lisp
Symlinking /home/anna/catkin_ws/devel/share/common-lisp/ros/tug_resource_monitor/msg/_package_NodeInfoArray.lisp
Symlinking /home/anna/catkin_ws/devel/share/common-lisp/ros/tug_resource_monitor/msg/_package.lisp
Symlinking /home/anna/catkin_ws/devel/share/roseus/ros/tug_resource_monitor/manifest.l
Symlinking /home/anna/catkin_ws/devel/share/roseus/ros/tug_resource_monitor/srv/NodesInfo.l
Symlinking /home/anna/catkin_ws/devel/share/roseus/ros/tug_resource_monitor/msg/NodeInfoArray.l
Symlinking /home/anna/catkin_ws/devel/share/roseus/ros/tug_resource_monitor/msg/NodeInfo.l
Symlinking /home/anna/catkin_ws/devel/share/gennodejs/ros/tug_resource_monitor/_index.js
Symlinking /home/anna/catkin_ws/devel/share/gennodejs/ros/tug_resource_monitor/srv/NodesInfo.js
Symlinking /home/anna/catkin_ws/devel/share/gennodejs/ros/tug_resource_monitor/srv/_index.js
Symlinking /home/anna/catkin_ws/devel/share/gennodejs/ros/tug_resource_monitor/msg/NodeInfoArray.js
Symlinking /home/anna/catkin_ws/devel/share/gennodejs/ros/tug_resource_monitor/msg/NodeInfo.js
Symlinking /home/anna/catkin_ws/devel/share/gennodejs/ros/tug_resource_monitor/msg/_index.js
Symlinking /home/anna/catkin_ws/devel/share/tug_resource_monitor/cmake/tug_resource_monitorConfig-version.cmake
Symlinking /home/anna/catkin_ws/devel/share/tug_resource_monitor/cmake/tug_resource_monitor-msg-extras.cmake
Symlinking /home/anna/catkin_ws/devel/share/tug_resource_monitor/cmake/tug_resource_monitorConfig.cmake
Symlinking /home/anna/catkin_ws/devel/share/tug_resource_monitor/cmake/tug_resource_monitor-msg-paths.cmake
