Determining if the pthread_create exist failed with the following output:
Change Dir: /home/anna/catkin_ws/build/tug_observer_plugin_utils/CMakeFiles/CMakeTmp

Run Build Command:"/usr/bin/make" "cmTC_b32de/fast"
/usr/bin/make -f CMakeFiles/cmTC_b32de.dir/build.make CMakeFiles/cmTC_b32de.dir/build
make[1]: Entering directory '/home/anna/catkin_ws/build/tug_observer_plugin_utils/CMakeFiles/CMakeTmp'
Building C object CMakeFiles/cmTC_b32de.dir/CheckSymbolExists.c.o
/usr/bin/cc     -o CMakeFiles/cmTC_b32de.dir/CheckSymbolExists.c.o   -c /home/anna/catkin_ws/build/tug_observer_plugin_utils/CMakeFiles/CMakeTmp/CheckSymbolExists.c
Linking C executable cmTC_b32de
/usr/bin/cmake -E cmake_link_script CMakeFiles/cmTC_b32de.dir/link.txt --verbose=1
/usr/bin/cc       CMakeFiles/cmTC_b32de.dir/CheckSymbolExists.c.o  -o cmTC_b32de -rdynamic 
CMakeFiles/cmTC_b32de.dir/CheckSymbolExists.c.o: In function `main':
CheckSymbolExists.c:(.text+0x16): undefined reference to `pthread_create'
collect2: error: ld returned 1 exit status
CMakeFiles/cmTC_b32de.dir/build.make:97: recipe for target 'cmTC_b32de' failed
make[1]: *** [cmTC_b32de] Error 1
make[1]: Leaving directory '/home/anna/catkin_ws/build/tug_observer_plugin_utils/CMakeFiles/CMakeTmp'
Makefile:126: recipe for target 'cmTC_b32de/fast' failed
make: *** [cmTC_b32de/fast] Error 2

File /home/anna/catkin_ws/build/tug_observer_plugin_utils/CMakeFiles/CMakeTmp/CheckSymbolExists.c:
/* */
#include <pthread.h>

int main(int argc, char** argv)
{
  (void)argv;
#ifndef pthread_create
  return ((int*)(&pthread_create))[argc];
#else
  (void)argc;
  return 0;
#endif
}

Determining if the function pthread_create exists in the pthreads failed with the following output:
Change Dir: /home/anna/catkin_ws/build/tug_observer_plugin_utils/CMakeFiles/CMakeTmp

Run Build Command:"/usr/bin/make" "cmTC_71e43/fast"
/usr/bin/make -f CMakeFiles/cmTC_71e43.dir/build.make CMakeFiles/cmTC_71e43.dir/build
make[1]: Entering directory '/home/anna/catkin_ws/build/tug_observer_plugin_utils/CMakeFiles/CMakeTmp'
Building C object CMakeFiles/cmTC_71e43.dir/CheckFunctionExists.c.o
/usr/bin/cc    -DCHECK_FUNCTION_EXISTS=pthread_create   -o CMakeFiles/cmTC_71e43.dir/CheckFunctionExists.c.o   -c /usr/share/cmake-3.5/Modules/CheckFunctionExists.c
Linking C executable cmTC_71e43
/usr/bin/cmake -E cmake_link_script CMakeFiles/cmTC_71e43.dir/link.txt --verbose=1
/usr/bin/cc   -DCHECK_FUNCTION_EXISTS=pthread_create    CMakeFiles/cmTC_71e43.dir/CheckFunctionExists.c.o  -o cmTC_71e43 -rdynamic -lpthreads 
/usr/bin/ld: cannot find -lpthreads
collect2: error: ld returned 1 exit status
CMakeFiles/cmTC_71e43.dir/build.make:97: recipe for target 'cmTC_71e43' failed
make[1]: *** [cmTC_71e43] Error 1
make[1]: Leaving directory '/home/anna/catkin_ws/build/tug_observer_plugin_utils/CMakeFiles/CMakeTmp'
Makefile:126: recipe for target 'cmTC_71e43/fast' failed
make: *** [cmTC_71e43/fast] Error 2


