[35m[1mScanning dependencies of target _tug_diagnosis_msgs_generate_messages_check_deps_node_configuration[0m
[  0%] Built target _tug_diagnosis_msgs_generate_messages_check_deps_node_configuration
[35m[1mScanning dependencies of target std_msgs_generate_messages_cpp[0m
[  0%] Built target std_msgs_generate_messages_cpp
[35m[1mScanning dependencies of target _tug_diagnosis_msgs_generate_messages_check_deps_diagnosis_set[0m
[  0%] Built target _tug_diagnosis_msgs_generate_messages_check_deps_diagnosis_set
[35m[1mScanning dependencies of target _tug_diagnosis_msgs_generate_messages_check_deps_observer_configuration[0m
[  0%] Built target _tug_diagnosis_msgs_generate_messages_check_deps_observer_configuration
[35m[1mScanning dependencies of target _tug_diagnosis_msgs_generate_messages_check_deps_diagnosis[0m
[  0%] Built target _tug_diagnosis_msgs_generate_messages_check_deps_diagnosis
[35m[1mScanning dependencies of target _tug_diagnosis_msgs_generate_messages_check_deps_configuration[0m
[  0%] Built target _tug_diagnosis_msgs_generate_messages_check_deps_configuration
[35m[1mScanning dependencies of target _tug_diagnosis_msgs_generate_messages_check_deps_resource_mode_assignement[0m
[  0%] Built target _tug_diagnosis_msgs_generate_messages_check_deps_resource_mode_assignement
[35m[1mScanning dependencies of target _tug_diagnosis_msgs_generate_messages_check_deps_DiagnosisConfiguration[0m
[  0%] Built target _tug_diagnosis_msgs_generate_messages_check_deps_DiagnosisConfiguration
[35m[1mScanning dependencies of target std_msgs_generate_messages_py[0m
[  0%] Built target std_msgs_generate_messages_py
[35m[1mScanning dependencies of target std_msgs_generate_messages_nodejs[0m
[  0%] Built target std_msgs_generate_messages_nodejs
[35m[1mScanning dependencies of target std_msgs_generate_messages_lisp[0m
[  0%] Built target std_msgs_generate_messages_lisp
[35m[1mScanning dependencies of target std_msgs_generate_messages_eus[0m
[  0%] Built target std_msgs_generate_messages_eus
[35m[1mScanning dependencies of target tug_diagnosis_msgs_generate_messages_cpp[0m
[  2%] [34m[1mGenerating C++ code from tug_diagnosis_msgs/configuration.msg[0m
[  5%] [34m[1mGenerating C++ code from tug_diagnosis_msgs/resource_mode_assignement.msg[0m
[  7%] [34m[1mGenerating C++ code from tug_diagnosis_msgs/diagnosis_set.msg[0m
[ 10%] [34m[1mGenerating C++ code from tug_diagnosis_msgs/node_configuration.msg[0m
[ 13%] [34m[1mGenerating C++ code from tug_diagnosis_msgs/observer_configuration.msg[0m
[ 15%] [34m[1mGenerating C++ code from tug_diagnosis_msgs/diagnosis.msg[0m
[ 18%] [34m[1mGenerating C++ code from tug_diagnosis_msgs/DiagnosisConfiguration.srv[0m
[ 18%] Built target tug_diagnosis_msgs_generate_messages_cpp
[35m[1mScanning dependencies of target tug_diagnosis_msgs_generate_messages_py[0m
[ 21%] [34m[1mGenerating Python from MSG tug_diagnosis_msgs/configuration[0m
[ 23%] [34m[1mGenerating Python from MSG tug_diagnosis_msgs/resource_mode_assignement[0m
[ 26%] [34m[1mGenerating Python from MSG tug_diagnosis_msgs/diagnosis_set[0m
[ 28%] [34m[1mGenerating Python from MSG tug_diagnosis_msgs/node_configuration[0m
[ 31%] [34m[1mGenerating Python from MSG tug_diagnosis_msgs/observer_configuration[0m
[ 34%] [34m[1mGenerating Python from MSG tug_diagnosis_msgs/diagnosis[0m
[ 36%] [34m[1mGenerating Python code from SRV tug_diagnosis_msgs/DiagnosisConfiguration[0m
[ 39%] [34m[1mGenerating Python msg __init__.py for tug_diagnosis_msgs[0m
[ 42%] [34m[1mGenerating Python srv __init__.py for tug_diagnosis_msgs[0m
[ 42%] Built target tug_diagnosis_msgs_generate_messages_py
[35m[1mScanning dependencies of target tug_diagnosis_msgs_generate_messages_nodejs[0m
[ 44%] [34m[1mGenerating Javascript code from tug_diagnosis_msgs/configuration.msg[0m
[ 47%] [34m[1mGenerating Javascript code from tug_diagnosis_msgs/resource_mode_assignement.msg[0m
[ 50%] [34m[1mGenerating Javascript code from tug_diagnosis_msgs/diagnosis_set.msg[0m
[35m[1mScanning dependencies of target tug_diagnosis_msgs_generate_messages_lisp[0m
[ 52%] [34m[1mGenerating Lisp code from tug_diagnosis_msgs/configuration.msg[0m
[ 55%] [34m[1mGenerating Javascript code from tug_diagnosis_msgs/node_configuration.msg[0m
[ 57%] [34m[1mGenerating Lisp code from tug_diagnosis_msgs/resource_mode_assignement.msg[0m
[ 60%] [34m[1mGenerating Javascript code from tug_diagnosis_msgs/observer_configuration.msg[0m
[ 63%] [34m[1mGenerating Lisp code from tug_diagnosis_msgs/diagnosis_set.msg[0m
[ 65%] [34m[1mGenerating Javascript code from tug_diagnosis_msgs/diagnosis.msg[0m
[ 71%] [34m[1mGenerating Lisp code from tug_diagnosis_msgs/observer_configuration.msg[0m
[ 71%] [34m[1mGenerating Lisp code from tug_diagnosis_msgs/node_configuration.msg[0m
[ 73%] [34m[1mGenerating Javascript code from tug_diagnosis_msgs/DiagnosisConfiguration.srv[0m
[35m[1mScanning dependencies of target tug_diagnosis_msgs_generate_messages_eus[0m
[ 76%] [34m[1mGenerating Lisp code from tug_diagnosis_msgs/diagnosis.msg[0m
[ 78%] [34m[1mGenerating EusLisp code from tug_diagnosis_msgs/configuration.msg[0m
[ 78%] Built target tug_diagnosis_msgs_generate_messages_nodejs
[ 81%] [34m[1mGenerating Lisp code from tug_diagnosis_msgs/DiagnosisConfiguration.srv[0m
[ 84%] [34m[1mGenerating EusLisp code from tug_diagnosis_msgs/resource_mode_assignement.msg[0m
[ 84%] Built target tug_diagnosis_msgs_generate_messages_lisp
[ 86%] [34m[1mGenerating EusLisp code from tug_diagnosis_msgs/diagnosis_set.msg[0m
[ 89%] [34m[1mGenerating EusLisp code from tug_diagnosis_msgs/node_configuration.msg[0m
[ 92%] [34m[1mGenerating EusLisp code from tug_diagnosis_msgs/observer_configuration.msg[0m
[ 94%] [34m[1mGenerating EusLisp code from tug_diagnosis_msgs/diagnosis.msg[0m
[ 97%] [34m[1mGenerating EusLisp code from tug_diagnosis_msgs/DiagnosisConfiguration.srv[0m
[100%] [34m[1mGenerating EusLisp manifest code for tug_diagnosis_msgs[0m
[100%] Built target tug_diagnosis_msgs_generate_messages_eus
[35m[1mScanning dependencies of target tug_diagnosis_msgs_generate_messages[0m
[100%] Built target tug_diagnosis_msgs_generate_messages
