Linked: (/home/anna/catkin_ws/devel/.private/tug_diagnosis_msgs/lib/pkgconfig/tug_diagnosis_msgs.pc, /home/anna/catkin_ws/devel/lib/pkgconfig/tug_diagnosis_msgs.pc)
Linked: (/home/anna/catkin_ws/devel/.private/tug_diagnosis_msgs/lib/python2.7/dist-packages/tug_diagnosis_msgs/__init__.py, /home/anna/catkin_ws/devel/lib/python2.7/dist-packages/tug_diagnosis_msgs/__init__.py)
Linked: (/home/anna/catkin_ws/devel/.private/tug_diagnosis_msgs/lib/python2.7/dist-packages/tug_diagnosis_msgs/srv/__init__.py, /home/anna/catkin_ws/devel/lib/python2.7/dist-packages/tug_diagnosis_msgs/srv/__init__.py)
Linked: (/home/anna/catkin_ws/devel/.private/tug_diagnosis_msgs/lib/python2.7/dist-packages/tug_diagnosis_msgs/srv/_DiagnosisConfiguration.py, /home/anna/catkin_ws/devel/lib/python2.7/dist-packages/tug_diagnosis_msgs/srv/_DiagnosisConfiguration.py)
Linked: (/home/anna/catkin_ws/devel/.private/tug_diagnosis_msgs/lib/python2.7/dist-packages/tug_diagnosis_msgs/msg/_diagnosis_set.py, /home/anna/catkin_ws/devel/lib/python2.7/dist-packages/tug_diagnosis_msgs/msg/_diagnosis_set.py)
Linked: (/home/anna/catkin_ws/devel/.private/tug_diagnosis_msgs/lib/python2.7/dist-packages/tug_diagnosis_msgs/msg/__init__.py, /home/anna/catkin_ws/devel/lib/python2.7/dist-packages/tug_diagnosis_msgs/msg/__init__.py)
Linked: (/home/anna/catkin_ws/devel/.private/tug_diagnosis_msgs/lib/python2.7/dist-packages/tug_diagnosis_msgs/msg/_diagnosis.py, /home/anna/catkin_ws/devel/lib/python2.7/dist-packages/tug_diagnosis_msgs/msg/_diagnosis.py)
Linked: (/home/anna/catkin_ws/devel/.private/tug_diagnosis_msgs/lib/python2.7/dist-packages/tug_diagnosis_msgs/msg/_node_configuration.py, /home/anna/catkin_ws/devel/lib/python2.7/dist-packages/tug_diagnosis_msgs/msg/_node_configuration.py)
Linked: (/home/anna/catkin_ws/devel/.private/tug_diagnosis_msgs/lib/python2.7/dist-packages/tug_diagnosis_msgs/msg/_observer_configuration.py, /home/anna/catkin_ws/devel/lib/python2.7/dist-packages/tug_diagnosis_msgs/msg/_observer_configuration.py)
Linked: (/home/anna/catkin_ws/devel/.private/tug_diagnosis_msgs/lib/python2.7/dist-packages/tug_diagnosis_msgs/msg/_resource_mode_assignement.py, /home/anna/catkin_ws/devel/lib/python2.7/dist-packages/tug_diagnosis_msgs/msg/_resource_mode_assignement.py)
Linked: (/home/anna/catkin_ws/devel/.private/tug_diagnosis_msgs/lib/python2.7/dist-packages/tug_diagnosis_msgs/msg/_configuration.py, /home/anna/catkin_ws/devel/lib/python2.7/dist-packages/tug_diagnosis_msgs/msg/_configuration.py)
Linked: (/home/anna/catkin_ws/devel/.private/tug_diagnosis_msgs/include/tug_diagnosis_msgs/resource_mode_assignement.h, /home/anna/catkin_ws/devel/include/tug_diagnosis_msgs/resource_mode_assignement.h)
Linked: (/home/anna/catkin_ws/devel/.private/tug_diagnosis_msgs/include/tug_diagnosis_msgs/DiagnosisConfigurationRequest.h, /home/anna/catkin_ws/devel/include/tug_diagnosis_msgs/DiagnosisConfigurationRequest.h)
Linked: (/home/anna/catkin_ws/devel/.private/tug_diagnosis_msgs/include/tug_diagnosis_msgs/diagnosis_set.h, /home/anna/catkin_ws/devel/include/tug_diagnosis_msgs/diagnosis_set.h)
Linked: (/home/anna/catkin_ws/devel/.private/tug_diagnosis_msgs/include/tug_diagnosis_msgs/node_configuration.h, /home/anna/catkin_ws/devel/include/tug_diagnosis_msgs/node_configuration.h)
Linked: (/home/anna/catkin_ws/devel/.private/tug_diagnosis_msgs/include/tug_diagnosis_msgs/DiagnosisConfiguration.h, /home/anna/catkin_ws/devel/include/tug_diagnosis_msgs/DiagnosisConfiguration.h)
Linked: (/home/anna/catkin_ws/devel/.private/tug_diagnosis_msgs/include/tug_diagnosis_msgs/diagnosis.h, /home/anna/catkin_ws/devel/include/tug_diagnosis_msgs/diagnosis.h)
Linked: (/home/anna/catkin_ws/devel/.private/tug_diagnosis_msgs/include/tug_diagnosis_msgs/configuration.h, /home/anna/catkin_ws/devel/include/tug_diagnosis_msgs/configuration.h)
Linked: (/home/anna/catkin_ws/devel/.private/tug_diagnosis_msgs/include/tug_diagnosis_msgs/DiagnosisConfigurationResponse.h, /home/anna/catkin_ws/devel/include/tug_diagnosis_msgs/DiagnosisConfigurationResponse.h)
Linked: (/home/anna/catkin_ws/devel/.private/tug_diagnosis_msgs/include/tug_diagnosis_msgs/observer_configuration.h, /home/anna/catkin_ws/devel/include/tug_diagnosis_msgs/observer_configuration.h)
Linked: (/home/anna/catkin_ws/devel/.private/tug_diagnosis_msgs/share/tug_diagnosis_msgs/cmake/tug_diagnosis_msgs-msg-paths.cmake, /home/anna/catkin_ws/devel/share/tug_diagnosis_msgs/cmake/tug_diagnosis_msgs-msg-paths.cmake)
Linked: (/home/anna/catkin_ws/devel/.private/tug_diagnosis_msgs/share/tug_diagnosis_msgs/cmake/tug_diagnosis_msgsConfig.cmake, /home/anna/catkin_ws/devel/share/tug_diagnosis_msgs/cmake/tug_diagnosis_msgsConfig.cmake)
Linked: (/home/anna/catkin_ws/devel/.private/tug_diagnosis_msgs/share/tug_diagnosis_msgs/cmake/tug_diagnosis_msgsConfig-version.cmake, /home/anna/catkin_ws/devel/share/tug_diagnosis_msgs/cmake/tug_diagnosis_msgsConfig-version.cmake)
Linked: (/home/anna/catkin_ws/devel/.private/tug_diagnosis_msgs/share/tug_diagnosis_msgs/cmake/tug_diagnosis_msgs-msg-extras.cmake, /home/anna/catkin_ws/devel/share/tug_diagnosis_msgs/cmake/tug_diagnosis_msgs-msg-extras.cmake)
Linked: (/home/anna/catkin_ws/devel/.private/tug_diagnosis_msgs/share/common-lisp/ros/tug_diagnosis_msgs/srv/DiagnosisConfiguration.lisp, /home/anna/catkin_ws/devel/share/common-lisp/ros/tug_diagnosis_msgs/srv/DiagnosisConfiguration.lisp)
Linked: (/home/anna/catkin_ws/devel/.private/tug_diagnosis_msgs/share/common-lisp/ros/tug_diagnosis_msgs/srv/tug_diagnosis_msgs-srv.asd, /home/anna/catkin_ws/devel/share/common-lisp/ros/tug_diagnosis_msgs/srv/tug_diagnosis_msgs-srv.asd)
Linked: (/home/anna/catkin_ws/devel/.private/tug_diagnosis_msgs/share/common-lisp/ros/tug_diagnosis_msgs/srv/_package.lisp, /home/anna/catkin_ws/devel/share/common-lisp/ros/tug_diagnosis_msgs/srv/_package.lisp)
Linked: (/home/anna/catkin_ws/devel/.private/tug_diagnosis_msgs/share/common-lisp/ros/tug_diagnosis_msgs/srv/_package_DiagnosisConfiguration.lisp, /home/anna/catkin_ws/devel/share/common-lisp/ros/tug_diagnosis_msgs/srv/_package_DiagnosisConfiguration.lisp)
Linked: (/home/anna/catkin_ws/devel/.private/tug_diagnosis_msgs/share/common-lisp/ros/tug_diagnosis_msgs/msg/observer_configuration.lisp, /home/anna/catkin_ws/devel/share/common-lisp/ros/tug_diagnosis_msgs/msg/observer_configuration.lisp)
Linked: (/home/anna/catkin_ws/devel/.private/tug_diagnosis_msgs/share/common-lisp/ros/tug_diagnosis_msgs/msg/diagnosis.lisp, /home/anna/catkin_ws/devel/share/common-lisp/ros/tug_diagnosis_msgs/msg/diagnosis.lisp)
Linked: (/home/anna/catkin_ws/devel/.private/tug_diagnosis_msgs/share/common-lisp/ros/tug_diagnosis_msgs/msg/_package_node_configuration.lisp, /home/anna/catkin_ws/devel/share/common-lisp/ros/tug_diagnosis_msgs/msg/_package_node_configuration.lisp)
Linked: (/home/anna/catkin_ws/devel/.private/tug_diagnosis_msgs/share/common-lisp/ros/tug_diagnosis_msgs/msg/configuration.lisp, /home/anna/catkin_ws/devel/share/common-lisp/ros/tug_diagnosis_msgs/msg/configuration.lisp)
Linked: (/home/anna/catkin_ws/devel/.private/tug_diagnosis_msgs/share/common-lisp/ros/tug_diagnosis_msgs/msg/_package_resource_mode_assignement.lisp, /home/anna/catkin_ws/devel/share/common-lisp/ros/tug_diagnosis_msgs/msg/_package_resource_mode_assignement.lisp)
Linked: (/home/anna/catkin_ws/devel/.private/tug_diagnosis_msgs/share/common-lisp/ros/tug_diagnosis_msgs/msg/_package.lisp, /home/anna/catkin_ws/devel/share/common-lisp/ros/tug_diagnosis_msgs/msg/_package.lisp)
Linked: (/home/anna/catkin_ws/devel/.private/tug_diagnosis_msgs/share/common-lisp/ros/tug_diagnosis_msgs/msg/_package_diagnosis.lisp, /home/anna/catkin_ws/devel/share/common-lisp/ros/tug_diagnosis_msgs/msg/_package_diagnosis.lisp)
Linked: (/home/anna/catkin_ws/devel/.private/tug_diagnosis_msgs/share/common-lisp/ros/tug_diagnosis_msgs/msg/_package_diagnosis_set.lisp, /home/anna/catkin_ws/devel/share/common-lisp/ros/tug_diagnosis_msgs/msg/_package_diagnosis_set.lisp)
Linked: (/home/anna/catkin_ws/devel/.private/tug_diagnosis_msgs/share/common-lisp/ros/tug_diagnosis_msgs/msg/_package_configuration.lisp, /home/anna/catkin_ws/devel/share/common-lisp/ros/tug_diagnosis_msgs/msg/_package_configuration.lisp)
Linked: (/home/anna/catkin_ws/devel/.private/tug_diagnosis_msgs/share/common-lisp/ros/tug_diagnosis_msgs/msg/diagnosis_set.lisp, /home/anna/catkin_ws/devel/share/common-lisp/ros/tug_diagnosis_msgs/msg/diagnosis_set.lisp)
Linked: (/home/anna/catkin_ws/devel/.private/tug_diagnosis_msgs/share/common-lisp/ros/tug_diagnosis_msgs/msg/tug_diagnosis_msgs-msg.asd, /home/anna/catkin_ws/devel/share/common-lisp/ros/tug_diagnosis_msgs/msg/tug_diagnosis_msgs-msg.asd)
Linked: (/home/anna/catkin_ws/devel/.private/tug_diagnosis_msgs/share/common-lisp/ros/tug_diagnosis_msgs/msg/resource_mode_assignement.lisp, /home/anna/catkin_ws/devel/share/common-lisp/ros/tug_diagnosis_msgs/msg/resource_mode_assignement.lisp)
Linked: (/home/anna/catkin_ws/devel/.private/tug_diagnosis_msgs/share/common-lisp/ros/tug_diagnosis_msgs/msg/node_configuration.lisp, /home/anna/catkin_ws/devel/share/common-lisp/ros/tug_diagnosis_msgs/msg/node_configuration.lisp)
Linked: (/home/anna/catkin_ws/devel/.private/tug_diagnosis_msgs/share/common-lisp/ros/tug_diagnosis_msgs/msg/_package_observer_configuration.lisp, /home/anna/catkin_ws/devel/share/common-lisp/ros/tug_diagnosis_msgs/msg/_package_observer_configuration.lisp)
Linked: (/home/anna/catkin_ws/devel/.private/tug_diagnosis_msgs/share/roseus/ros/tug_diagnosis_msgs/manifest.l, /home/anna/catkin_ws/devel/share/roseus/ros/tug_diagnosis_msgs/manifest.l)
Linked: (/home/anna/catkin_ws/devel/.private/tug_diagnosis_msgs/share/roseus/ros/tug_diagnosis_msgs/srv/DiagnosisConfiguration.l, /home/anna/catkin_ws/devel/share/roseus/ros/tug_diagnosis_msgs/srv/DiagnosisConfiguration.l)
Linked: (/home/anna/catkin_ws/devel/.private/tug_diagnosis_msgs/share/roseus/ros/tug_diagnosis_msgs/msg/observer_configuration.l, /home/anna/catkin_ws/devel/share/roseus/ros/tug_diagnosis_msgs/msg/observer_configuration.l)
Linked: (/home/anna/catkin_ws/devel/.private/tug_diagnosis_msgs/share/roseus/ros/tug_diagnosis_msgs/msg/resource_mode_assignement.l, /home/anna/catkin_ws/devel/share/roseus/ros/tug_diagnosis_msgs/msg/resource_mode_assignement.l)
Linked: (/home/anna/catkin_ws/devel/.private/tug_diagnosis_msgs/share/roseus/ros/tug_diagnosis_msgs/msg/configuration.l, /home/anna/catkin_ws/devel/share/roseus/ros/tug_diagnosis_msgs/msg/configuration.l)
Linked: (/home/anna/catkin_ws/devel/.private/tug_diagnosis_msgs/share/roseus/ros/tug_diagnosis_msgs/msg/diagnosis_set.l, /home/anna/catkin_ws/devel/share/roseus/ros/tug_diagnosis_msgs/msg/diagnosis_set.l)
Linked: (/home/anna/catkin_ws/devel/.private/tug_diagnosis_msgs/share/roseus/ros/tug_diagnosis_msgs/msg/diagnosis.l, /home/anna/catkin_ws/devel/share/roseus/ros/tug_diagnosis_msgs/msg/diagnosis.l)
Linked: (/home/anna/catkin_ws/devel/.private/tug_diagnosis_msgs/share/roseus/ros/tug_diagnosis_msgs/msg/node_configuration.l, /home/anna/catkin_ws/devel/share/roseus/ros/tug_diagnosis_msgs/msg/node_configuration.l)
Linked: (/home/anna/catkin_ws/devel/.private/tug_diagnosis_msgs/share/gennodejs/ros/tug_diagnosis_msgs/_index.js, /home/anna/catkin_ws/devel/share/gennodejs/ros/tug_diagnosis_msgs/_index.js)
Linked: (/home/anna/catkin_ws/devel/.private/tug_diagnosis_msgs/share/gennodejs/ros/tug_diagnosis_msgs/srv/DiagnosisConfiguration.js, /home/anna/catkin_ws/devel/share/gennodejs/ros/tug_diagnosis_msgs/srv/DiagnosisConfiguration.js)
Linked: (/home/anna/catkin_ws/devel/.private/tug_diagnosis_msgs/share/gennodejs/ros/tug_diagnosis_msgs/srv/_index.js, /home/anna/catkin_ws/devel/share/gennodejs/ros/tug_diagnosis_msgs/srv/_index.js)
Linked: (/home/anna/catkin_ws/devel/.private/tug_diagnosis_msgs/share/gennodejs/ros/tug_diagnosis_msgs/msg/diagnosis_set.js, /home/anna/catkin_ws/devel/share/gennodejs/ros/tug_diagnosis_msgs/msg/diagnosis_set.js)
Linked: (/home/anna/catkin_ws/devel/.private/tug_diagnosis_msgs/share/gennodejs/ros/tug_diagnosis_msgs/msg/resource_mode_assignement.js, /home/anna/catkin_ws/devel/share/gennodejs/ros/tug_diagnosis_msgs/msg/resource_mode_assignement.js)
Linked: (/home/anna/catkin_ws/devel/.private/tug_diagnosis_msgs/share/gennodejs/ros/tug_diagnosis_msgs/msg/observer_configuration.js, /home/anna/catkin_ws/devel/share/gennodejs/ros/tug_diagnosis_msgs/msg/observer_configuration.js)
Linked: (/home/anna/catkin_ws/devel/.private/tug_diagnosis_msgs/share/gennodejs/ros/tug_diagnosis_msgs/msg/diagnosis.js, /home/anna/catkin_ws/devel/share/gennodejs/ros/tug_diagnosis_msgs/msg/diagnosis.js)
Linked: (/home/anna/catkin_ws/devel/.private/tug_diagnosis_msgs/share/gennodejs/ros/tug_diagnosis_msgs/msg/configuration.js, /home/anna/catkin_ws/devel/share/gennodejs/ros/tug_diagnosis_msgs/msg/configuration.js)
Linked: (/home/anna/catkin_ws/devel/.private/tug_diagnosis_msgs/share/gennodejs/ros/tug_diagnosis_msgs/msg/node_configuration.js, /home/anna/catkin_ws/devel/share/gennodejs/ros/tug_diagnosis_msgs/msg/node_configuration.js)
Linked: (/home/anna/catkin_ws/devel/.private/tug_diagnosis_msgs/share/gennodejs/ros/tug_diagnosis_msgs/msg/_index.js, /home/anna/catkin_ws/devel/share/gennodejs/ros/tug_diagnosis_msgs/msg/_index.js)
