Symlinking /home/anna/catkin_ws/devel/lib/pkgconfig/tug_diagnosis_msgs.pc
Symlinking /home/anna/catkin_ws/devel/lib/python2.7/dist-packages/tug_diagnosis_msgs/__init__.py
Symlinking /home/anna/catkin_ws/devel/lib/python2.7/dist-packages/tug_diagnosis_msgs/srv/__init__.py
Symlinking /home/anna/catkin_ws/devel/lib/python2.7/dist-packages/tug_diagnosis_msgs/srv/_DiagnosisConfiguration.py
Symlinking /home/anna/catkin_ws/devel/lib/python2.7/dist-packages/tug_diagnosis_msgs/msg/_diagnosis_set.py
Symlinking /home/anna/catkin_ws/devel/lib/python2.7/dist-packages/tug_diagnosis_msgs/msg/__init__.py
Symlinking /home/anna/catkin_ws/devel/lib/python2.7/dist-packages/tug_diagnosis_msgs/msg/_diagnosis.py
Symlinking /home/anna/catkin_ws/devel/lib/python2.7/dist-packages/tug_diagnosis_msgs/msg/_node_configuration.py
Symlinking /home/anna/catkin_ws/devel/lib/python2.7/dist-packages/tug_diagnosis_msgs/msg/_observer_configuration.py
Symlinking /home/anna/catkin_ws/devel/lib/python2.7/dist-packages/tug_diagnosis_msgs/msg/_resource_mode_assignement.py
Symlinking /home/anna/catkin_ws/devel/lib/python2.7/dist-packages/tug_diagnosis_msgs/msg/_configuration.py
Symlinking /home/anna/catkin_ws/devel/include/tug_diagnosis_msgs/resource_mode_assignement.h
Symlinking /home/anna/catkin_ws/devel/include/tug_diagnosis_msgs/DiagnosisConfigurationRequest.h
Symlinking /home/anna/catkin_ws/devel/include/tug_diagnosis_msgs/diagnosis_set.h
Symlinking /home/anna/catkin_ws/devel/include/tug_diagnosis_msgs/node_configuration.h
Symlinking /home/anna/catkin_ws/devel/include/tug_diagnosis_msgs/DiagnosisConfiguration.h
Symlinking /home/anna/catkin_ws/devel/include/tug_diagnosis_msgs/diagnosis.h
Symlinking /home/anna/catkin_ws/devel/include/tug_diagnosis_msgs/configuration.h
Symlinking /home/anna/catkin_ws/devel/include/tug_diagnosis_msgs/DiagnosisConfigurationResponse.h
Symlinking /home/anna/catkin_ws/devel/include/tug_diagnosis_msgs/observer_configuration.h
Symlinking /home/anna/catkin_ws/devel/share/tug_diagnosis_msgs/cmake/tug_diagnosis_msgs-msg-paths.cmake
Symlinking /home/anna/catkin_ws/devel/share/tug_diagnosis_msgs/cmake/tug_diagnosis_msgsConfig.cmake
Symlinking /home/anna/catkin_ws/devel/share/tug_diagnosis_msgs/cmake/tug_diagnosis_msgsConfig-version.cmake
Symlinking /home/anna/catkin_ws/devel/share/tug_diagnosis_msgs/cmake/tug_diagnosis_msgs-msg-extras.cmake
Symlinking /home/anna/catkin_ws/devel/share/common-lisp/ros/tug_diagnosis_msgs/srv/DiagnosisConfiguration.lisp
Symlinking /home/anna/catkin_ws/devel/share/common-lisp/ros/tug_diagnosis_msgs/srv/tug_diagnosis_msgs-srv.asd
Symlinking /home/anna/catkin_ws/devel/share/common-lisp/ros/tug_diagnosis_msgs/srv/_package.lisp
Symlinking /home/anna/catkin_ws/devel/share/common-lisp/ros/tug_diagnosis_msgs/srv/_package_DiagnosisConfiguration.lisp
Symlinking /home/anna/catkin_ws/devel/share/common-lisp/ros/tug_diagnosis_msgs/msg/observer_configuration.lisp
Symlinking /home/anna/catkin_ws/devel/share/common-lisp/ros/tug_diagnosis_msgs/msg/diagnosis.lisp
Symlinking /home/anna/catkin_ws/devel/share/common-lisp/ros/tug_diagnosis_msgs/msg/_package_node_configuration.lisp
Symlinking /home/anna/catkin_ws/devel/share/common-lisp/ros/tug_diagnosis_msgs/msg/configuration.lisp
Symlinking /home/anna/catkin_ws/devel/share/common-lisp/ros/tug_diagnosis_msgs/msg/_package_resource_mode_assignement.lisp
Symlinking /home/anna/catkin_ws/devel/share/common-lisp/ros/tug_diagnosis_msgs/msg/_package.lisp
Symlinking /home/anna/catkin_ws/devel/share/common-lisp/ros/tug_diagnosis_msgs/msg/_package_diagnosis.lisp
Symlinking /home/anna/catkin_ws/devel/share/common-lisp/ros/tug_diagnosis_msgs/msg/_package_diagnosis_set.lisp
Symlinking /home/anna/catkin_ws/devel/share/common-lisp/ros/tug_diagnosis_msgs/msg/_package_configuration.lisp
Symlinking /home/anna/catkin_ws/devel/share/common-lisp/ros/tug_diagnosis_msgs/msg/diagnosis_set.lisp
Symlinking /home/anna/catkin_ws/devel/share/common-lisp/ros/tug_diagnosis_msgs/msg/tug_diagnosis_msgs-msg.asd
Symlinking /home/anna/catkin_ws/devel/share/common-lisp/ros/tug_diagnosis_msgs/msg/resource_mode_assignement.lisp
Symlinking /home/anna/catkin_ws/devel/share/common-lisp/ros/tug_diagnosis_msgs/msg/node_configuration.lisp
Symlinking /home/anna/catkin_ws/devel/share/common-lisp/ros/tug_diagnosis_msgs/msg/_package_observer_configuration.lisp
Symlinking /home/anna/catkin_ws/devel/share/roseus/ros/tug_diagnosis_msgs/manifest.l
Symlinking /home/anna/catkin_ws/devel/share/roseus/ros/tug_diagnosis_msgs/srv/DiagnosisConfiguration.l
Symlinking /home/anna/catkin_ws/devel/share/roseus/ros/tug_diagnosis_msgs/msg/observer_configuration.l
Symlinking /home/anna/catkin_ws/devel/share/roseus/ros/tug_diagnosis_msgs/msg/resource_mode_assignement.l
Symlinking /home/anna/catkin_ws/devel/share/roseus/ros/tug_diagnosis_msgs/msg/configuration.l
Symlinking /home/anna/catkin_ws/devel/share/roseus/ros/tug_diagnosis_msgs/msg/diagnosis_set.l
Symlinking /home/anna/catkin_ws/devel/share/roseus/ros/tug_diagnosis_msgs/msg/diagnosis.l
Symlinking /home/anna/catkin_ws/devel/share/roseus/ros/tug_diagnosis_msgs/msg/node_configuration.l
Symlinking /home/anna/catkin_ws/devel/share/gennodejs/ros/tug_diagnosis_msgs/_index.js
Symlinking /home/anna/catkin_ws/devel/share/gennodejs/ros/tug_diagnosis_msgs/srv/DiagnosisConfiguration.js
Symlinking /home/anna/catkin_ws/devel/share/gennodejs/ros/tug_diagnosis_msgs/srv/_index.js
Symlinking /home/anna/catkin_ws/devel/share/gennodejs/ros/tug_diagnosis_msgs/msg/diagnosis_set.js
Symlinking /home/anna/catkin_ws/devel/share/gennodejs/ros/tug_diagnosis_msgs/msg/resource_mode_assignement.js
Symlinking /home/anna/catkin_ws/devel/share/gennodejs/ros/tug_diagnosis_msgs/msg/observer_configuration.js
Symlinking /home/anna/catkin_ws/devel/share/gennodejs/ros/tug_diagnosis_msgs/msg/diagnosis.js
Symlinking /home/anna/catkin_ws/devel/share/gennodejs/ros/tug_diagnosis_msgs/msg/configuration.js
Symlinking /home/anna/catkin_ws/devel/share/gennodejs/ros/tug_diagnosis_msgs/msg/node_configuration.js
Symlinking /home/anna/catkin_ws/devel/share/gennodejs/ros/tug_diagnosis_msgs/msg/_index.js
