Determining if the pthread_create exist failed with the following output:
Change Dir: /home/anna/catkin_ws/build/tug_protobuf_python_example/CMakeFiles/CMakeTmp

Run Build Command:"/usr/bin/make" "cmTC_c5fec/fast"
/usr/bin/make -f CMakeFiles/cmTC_c5fec.dir/build.make CMakeFiles/cmTC_c5fec.dir/build
make[1]: Entering directory '/home/anna/catkin_ws/build/tug_protobuf_python_example/CMakeFiles/CMakeTmp'
Building C object CMakeFiles/cmTC_c5fec.dir/CheckSymbolExists.c.o
/usr/bin/cc     -o CMakeFiles/cmTC_c5fec.dir/CheckSymbolExists.c.o   -c /home/anna/catkin_ws/build/tug_protobuf_python_example/CMakeFiles/CMakeTmp/CheckSymbolExists.c
Linking C executable cmTC_c5fec
/usr/bin/cmake -E cmake_link_script CMakeFiles/cmTC_c5fec.dir/link.txt --verbose=1
/usr/bin/cc       CMakeFiles/cmTC_c5fec.dir/CheckSymbolExists.c.o  -o cmTC_c5fec -rdynamic 
CMakeFiles/cmTC_c5fec.dir/CheckSymbolExists.c.o: In function `main':
CheckSymbolExists.c:(.text+0x16): undefined reference to `pthread_create'
collect2: error: ld returned 1 exit status
CMakeFiles/cmTC_c5fec.dir/build.make:97: recipe for target 'cmTC_c5fec' failed
make[1]: *** [cmTC_c5fec] Error 1
make[1]: Leaving directory '/home/anna/catkin_ws/build/tug_protobuf_python_example/CMakeFiles/CMakeTmp'
Makefile:126: recipe for target 'cmTC_c5fec/fast' failed
make: *** [cmTC_c5fec/fast] Error 2

File /home/anna/catkin_ws/build/tug_protobuf_python_example/CMakeFiles/CMakeTmp/CheckSymbolExists.c:
/* */
#include <pthread.h>

int main(int argc, char** argv)
{
  (void)argv;
#ifndef pthread_create
  return ((int*)(&pthread_create))[argc];
#else
  (void)argc;
  return 0;
#endif
}

Determining if the function pthread_create exists in the pthreads failed with the following output:
Change Dir: /home/anna/catkin_ws/build/tug_protobuf_python_example/CMakeFiles/CMakeTmp

Run Build Command:"/usr/bin/make" "cmTC_a7b02/fast"
/usr/bin/make -f CMakeFiles/cmTC_a7b02.dir/build.make CMakeFiles/cmTC_a7b02.dir/build
make[1]: Entering directory '/home/anna/catkin_ws/build/tug_protobuf_python_example/CMakeFiles/CMakeTmp'
Building C object CMakeFiles/cmTC_a7b02.dir/CheckFunctionExists.c.o
/usr/bin/cc    -DCHECK_FUNCTION_EXISTS=pthread_create   -o CMakeFiles/cmTC_a7b02.dir/CheckFunctionExists.c.o   -c /usr/share/cmake-3.5/Modules/CheckFunctionExists.c
Linking C executable cmTC_a7b02
/usr/bin/cmake -E cmake_link_script CMakeFiles/cmTC_a7b02.dir/link.txt --verbose=1
/usr/bin/cc   -DCHECK_FUNCTION_EXISTS=pthread_create    CMakeFiles/cmTC_a7b02.dir/CheckFunctionExists.c.o  -o cmTC_a7b02 -rdynamic -lpthreads 
/usr/bin/ld: cannot find -lpthreads
collect2: error: ld returned 1 exit status
CMakeFiles/cmTC_a7b02.dir/build.make:97: recipe for target 'cmTC_a7b02' failed
make[1]: *** [cmTC_a7b02] Error 1
make[1]: Leaving directory '/home/anna/catkin_ws/build/tug_protobuf_python_example/CMakeFiles/CMakeTmp'
Makefile:126: recipe for target 'cmTC_a7b02/fast' failed
make: *** [cmTC_a7b02/fast] Error 2


