Linked: (/home/anna/catkin_ws/devel/.private/tug_observers_msgs/lib/pkgconfig/tug_observers_msgs.pc, /home/anna/catkin_ws/devel/lib/pkgconfig/tug_observers_msgs.pc)
Linked: (/home/anna/catkin_ws/devel/.private/tug_observers_msgs/lib/python2.7/dist-packages/tug_observers_msgs/__init__.py, /home/anna/catkin_ws/devel/lib/python2.7/dist-packages/tug_observers_msgs/__init__.py)
Linked: (/home/anna/catkin_ws/devel/.private/tug_observers_msgs/lib/python2.7/dist-packages/tug_observers_msgs/msg/_observation_info.py, /home/anna/catkin_ws/devel/lib/python2.7/dist-packages/tug_observers_msgs/msg/_observation_info.py)
Linked: (/home/anna/catkin_ws/devel/.private/tug_observers_msgs/lib/python2.7/dist-packages/tug_observers_msgs/msg/__init__.py, /home/anna/catkin_ws/devel/lib/python2.7/dist-packages/tug_observers_msgs/msg/__init__.py)
Linked: (/home/anna/catkin_ws/devel/.private/tug_observers_msgs/lib/python2.7/dist-packages/tug_observers_msgs/msg/_observer_info.py, /home/anna/catkin_ws/devel/lib/python2.7/dist-packages/tug_observers_msgs/msg/_observer_info.py)
Linked: (/home/anna/catkin_ws/devel/.private/tug_observers_msgs/lib/python2.7/dist-packages/tug_observers_msgs/msg/_observation.py, /home/anna/catkin_ws/devel/lib/python2.7/dist-packages/tug_observers_msgs/msg/_observation.py)
Linked: (/home/anna/catkin_ws/devel/.private/tug_observers_msgs/include/tug_observers_msgs/observation.h, /home/anna/catkin_ws/devel/include/tug_observers_msgs/observation.h)
Linked: (/home/anna/catkin_ws/devel/.private/tug_observers_msgs/include/tug_observers_msgs/observation_info.h, /home/anna/catkin_ws/devel/include/tug_observers_msgs/observation_info.h)
Linked: (/home/anna/catkin_ws/devel/.private/tug_observers_msgs/include/tug_observers_msgs/observer_info.h, /home/anna/catkin_ws/devel/include/tug_observers_msgs/observer_info.h)
Linked: (/home/anna/catkin_ws/devel/.private/tug_observers_msgs/share/common-lisp/ros/tug_observers_msgs/msg/tug_observers_msgs-msg.asd, /home/anna/catkin_ws/devel/share/common-lisp/ros/tug_observers_msgs/msg/tug_observers_msgs-msg.asd)
Linked: (/home/anna/catkin_ws/devel/.private/tug_observers_msgs/share/common-lisp/ros/tug_observers_msgs/msg/_package_observation.lisp, /home/anna/catkin_ws/devel/share/common-lisp/ros/tug_observers_msgs/msg/_package_observation.lisp)
Linked: (/home/anna/catkin_ws/devel/.private/tug_observers_msgs/share/common-lisp/ros/tug_observers_msgs/msg/observation_info.lisp, /home/anna/catkin_ws/devel/share/common-lisp/ros/tug_observers_msgs/msg/observation_info.lisp)
Linked: (/home/anna/catkin_ws/devel/.private/tug_observers_msgs/share/common-lisp/ros/tug_observers_msgs/msg/observer_info.lisp, /home/anna/catkin_ws/devel/share/common-lisp/ros/tug_observers_msgs/msg/observer_info.lisp)
Linked: (/home/anna/catkin_ws/devel/.private/tug_observers_msgs/share/common-lisp/ros/tug_observers_msgs/msg/_package_observation_info.lisp, /home/anna/catkin_ws/devel/share/common-lisp/ros/tug_observers_msgs/msg/_package_observation_info.lisp)
Linked: (/home/anna/catkin_ws/devel/.private/tug_observers_msgs/share/common-lisp/ros/tug_observers_msgs/msg/_package.lisp, /home/anna/catkin_ws/devel/share/common-lisp/ros/tug_observers_msgs/msg/_package.lisp)
Linked: (/home/anna/catkin_ws/devel/.private/tug_observers_msgs/share/common-lisp/ros/tug_observers_msgs/msg/_package_observer_info.lisp, /home/anna/catkin_ws/devel/share/common-lisp/ros/tug_observers_msgs/msg/_package_observer_info.lisp)
Linked: (/home/anna/catkin_ws/devel/.private/tug_observers_msgs/share/common-lisp/ros/tug_observers_msgs/msg/observation.lisp, /home/anna/catkin_ws/devel/share/common-lisp/ros/tug_observers_msgs/msg/observation.lisp)
Linked: (/home/anna/catkin_ws/devel/.private/tug_observers_msgs/share/roseus/ros/tug_observers_msgs/manifest.l, /home/anna/catkin_ws/devel/share/roseus/ros/tug_observers_msgs/manifest.l)
Linked: (/home/anna/catkin_ws/devel/.private/tug_observers_msgs/share/roseus/ros/tug_observers_msgs/msg/observer_info.l, /home/anna/catkin_ws/devel/share/roseus/ros/tug_observers_msgs/msg/observer_info.l)
Linked: (/home/anna/catkin_ws/devel/.private/tug_observers_msgs/share/roseus/ros/tug_observers_msgs/msg/observation.l, /home/anna/catkin_ws/devel/share/roseus/ros/tug_observers_msgs/msg/observation.l)
Linked: (/home/anna/catkin_ws/devel/.private/tug_observers_msgs/share/roseus/ros/tug_observers_msgs/msg/observation_info.l, /home/anna/catkin_ws/devel/share/roseus/ros/tug_observers_msgs/msg/observation_info.l)
Linked: (/home/anna/catkin_ws/devel/.private/tug_observers_msgs/share/tug_observers_msgs/cmake/tug_observers_msgsConfig-version.cmake, /home/anna/catkin_ws/devel/share/tug_observers_msgs/cmake/tug_observers_msgsConfig-version.cmake)
Linked: (/home/anna/catkin_ws/devel/.private/tug_observers_msgs/share/tug_observers_msgs/cmake/tug_observers_msgsConfig.cmake, /home/anna/catkin_ws/devel/share/tug_observers_msgs/cmake/tug_observers_msgsConfig.cmake)
Linked: (/home/anna/catkin_ws/devel/.private/tug_observers_msgs/share/tug_observers_msgs/cmake/tug_observers_msgs-msg-paths.cmake, /home/anna/catkin_ws/devel/share/tug_observers_msgs/cmake/tug_observers_msgs-msg-paths.cmake)
Linked: (/home/anna/catkin_ws/devel/.private/tug_observers_msgs/share/tug_observers_msgs/cmake/tug_observers_msgs-msg-extras.cmake, /home/anna/catkin_ws/devel/share/tug_observers_msgs/cmake/tug_observers_msgs-msg-extras.cmake)
Linked: (/home/anna/catkin_ws/devel/.private/tug_observers_msgs/share/gennodejs/ros/tug_observers_msgs/_index.js, /home/anna/catkin_ws/devel/share/gennodejs/ros/tug_observers_msgs/_index.js)
Linked: (/home/anna/catkin_ws/devel/.private/tug_observers_msgs/share/gennodejs/ros/tug_observers_msgs/msg/observer_info.js, /home/anna/catkin_ws/devel/share/gennodejs/ros/tug_observers_msgs/msg/observer_info.js)
Linked: (/home/anna/catkin_ws/devel/.private/tug_observers_msgs/share/gennodejs/ros/tug_observers_msgs/msg/observation_info.js, /home/anna/catkin_ws/devel/share/gennodejs/ros/tug_observers_msgs/msg/observation_info.js)
Linked: (/home/anna/catkin_ws/devel/.private/tug_observers_msgs/share/gennodejs/ros/tug_observers_msgs/msg/observation.js, /home/anna/catkin_ws/devel/share/gennodejs/ros/tug_observers_msgs/msg/observation.js)
Linked: (/home/anna/catkin_ws/devel/.private/tug_observers_msgs/share/gennodejs/ros/tug_observers_msgs/msg/_index.js, /home/anna/catkin_ws/devel/share/gennodejs/ros/tug_observers_msgs/msg/_index.js)
