Symlinking /home/anna/catkin_ws/devel/lib/pkgconfig/tug_observers_msgs.pc
Symlinking /home/anna/catkin_ws/devel/lib/python2.7/dist-packages/tug_observers_msgs/__init__.py
Symlinking /home/anna/catkin_ws/devel/lib/python2.7/dist-packages/tug_observers_msgs/msg/_observation_info.py
Symlinking /home/anna/catkin_ws/devel/lib/python2.7/dist-packages/tug_observers_msgs/msg/__init__.py
Symlinking /home/anna/catkin_ws/devel/lib/python2.7/dist-packages/tug_observers_msgs/msg/_observer_info.py
Symlinking /home/anna/catkin_ws/devel/lib/python2.7/dist-packages/tug_observers_msgs/msg/_observation.py
Symlinking /home/anna/catkin_ws/devel/include/tug_observers_msgs/observation.h
Symlinking /home/anna/catkin_ws/devel/include/tug_observers_msgs/observation_info.h
Symlinking /home/anna/catkin_ws/devel/include/tug_observers_msgs/observer_info.h
Symlinking /home/anna/catkin_ws/devel/share/common-lisp/ros/tug_observers_msgs/msg/tug_observers_msgs-msg.asd
Symlinking /home/anna/catkin_ws/devel/share/common-lisp/ros/tug_observers_msgs/msg/_package_observation.lisp
Symlinking /home/anna/catkin_ws/devel/share/common-lisp/ros/tug_observers_msgs/msg/observation_info.lisp
Symlinking /home/anna/catkin_ws/devel/share/common-lisp/ros/tug_observers_msgs/msg/observer_info.lisp
Symlinking /home/anna/catkin_ws/devel/share/common-lisp/ros/tug_observers_msgs/msg/_package_observation_info.lisp
Symlinking /home/anna/catkin_ws/devel/share/common-lisp/ros/tug_observers_msgs/msg/_package.lisp
Symlinking /home/anna/catkin_ws/devel/share/common-lisp/ros/tug_observers_msgs/msg/_package_observer_info.lisp
Symlinking /home/anna/catkin_ws/devel/share/common-lisp/ros/tug_observers_msgs/msg/observation.lisp
Symlinking /home/anna/catkin_ws/devel/share/roseus/ros/tug_observers_msgs/manifest.l
Symlinking /home/anna/catkin_ws/devel/share/roseus/ros/tug_observers_msgs/msg/observer_info.l
Symlinking /home/anna/catkin_ws/devel/share/roseus/ros/tug_observers_msgs/msg/observation.l
Symlinking /home/anna/catkin_ws/devel/share/roseus/ros/tug_observers_msgs/msg/observation_info.l
Symlinking /home/anna/catkin_ws/devel/share/tug_observers_msgs/cmake/tug_observers_msgsConfig-version.cmake
Symlinking /home/anna/catkin_ws/devel/share/tug_observers_msgs/cmake/tug_observers_msgsConfig.cmake
Symlinking /home/anna/catkin_ws/devel/share/tug_observers_msgs/cmake/tug_observers_msgs-msg-paths.cmake
Symlinking /home/anna/catkin_ws/devel/share/tug_observers_msgs/cmake/tug_observers_msgs-msg-extras.cmake
Symlinking /home/anna/catkin_ws/devel/share/gennodejs/ros/tug_observers_msgs/_index.js
Symlinking /home/anna/catkin_ws/devel/share/gennodejs/ros/tug_observers_msgs/msg/observer_info.js
Symlinking /home/anna/catkin_ws/devel/share/gennodejs/ros/tug_observers_msgs/msg/observation_info.js
Symlinking /home/anna/catkin_ws/devel/share/gennodejs/ros/tug_observers_msgs/msg/observation.js
Symlinking /home/anna/catkin_ws/devel/share/gennodejs/ros/tug_observers_msgs/msg/_index.js
