[35m[1mScanning dependencies of target _tug_observers_msgs_generate_messages_check_deps_observation[0m
[  0%] Built target _tug_observers_msgs_generate_messages_check_deps_observation
[35m[1mScanning dependencies of target _tug_observers_msgs_generate_messages_check_deps_observer_info[0m
[  0%] Built target _tug_observers_msgs_generate_messages_check_deps_observer_info
[35m[1mScanning dependencies of target std_msgs_generate_messages_nodejs[0m
[  0%] Built target std_msgs_generate_messages_nodejs
[35m[1mScanning dependencies of target _tug_observers_msgs_generate_messages_check_deps_observation_info[0m
[  0%] Built target _tug_observers_msgs_generate_messages_check_deps_observation_info
[35m[1mScanning dependencies of target std_msgs_generate_messages_py[0m
[  0%] Built target std_msgs_generate_messages_py
[35m[1mScanning dependencies of target std_msgs_generate_messages_lisp[0m
[  0%] Built target std_msgs_generate_messages_lisp
[35m[1mScanning dependencies of target std_msgs_generate_messages_cpp[0m
[  0%] Built target std_msgs_generate_messages_cpp
[35m[1mScanning dependencies of target std_msgs_generate_messages_eus[0m
[  0%] Built target std_msgs_generate_messages_eus
[35m[1mScanning dependencies of target tug_observers_msgs_generate_messages_nodejs[0m
[  5%] [34m[1mGenerating Javascript code from tug_observers_msgs/observation_info.msg[0m
[ 11%] [34m[1mGenerating Javascript code from tug_observers_msgs/observation.msg[0m
[ 17%] [34m[1mGenerating Javascript code from tug_observers_msgs/observer_info.msg[0m
[ 17%] Built target tug_observers_msgs_generate_messages_nodejs
[35m[1mScanning dependencies of target tug_observers_msgs_generate_messages_py[0m
[ 23%] [34m[1mGenerating Python from MSG tug_observers_msgs/observation_info[0m
[ 29%] [34m[1mGenerating Python from MSG tug_observers_msgs/observation[0m
[ 35%] [34m[1mGenerating Python from MSG tug_observers_msgs/observer_info[0m
[ 41%] [34m[1mGenerating Python msg __init__.py for tug_observers_msgs[0m
[ 41%] Built target tug_observers_msgs_generate_messages_py
[35m[1mScanning dependencies of target tug_observers_msgs_generate_messages_lisp[0m
[ 47%] [34m[1mGenerating Lisp code from tug_observers_msgs/observation_info.msg[0m
[ 52%] [34m[1mGenerating Lisp code from tug_observers_msgs/observation.msg[0m
[ 58%] [34m[1mGenerating Lisp code from tug_observers_msgs/observer_info.msg[0m
[ 58%] Built target tug_observers_msgs_generate_messages_lisp
[35m[1mScanning dependencies of target tug_observers_msgs_generate_messages_cpp[0m
[ 64%] [34m[1mGenerating C++ code from tug_observers_msgs/observation_info.msg[0m
[ 70%] [34m[1mGenerating C++ code from tug_observers_msgs/observation.msg[0m
[ 76%] [34m[1mGenerating C++ code from tug_observers_msgs/observer_info.msg[0m
[ 76%] Built target tug_observers_msgs_generate_messages_cpp
[35m[1mScanning dependencies of target tug_observers_msgs_generate_messages_eus[0m
[ 82%] [34m[1mGenerating EusLisp code from tug_observers_msgs/observation_info.msg[0m
[ 88%] [34m[1mGenerating EusLisp code from tug_observers_msgs/observation.msg[0m
[ 94%] [34m[1mGenerating EusLisp code from tug_observers_msgs/observer_info.msg[0m
[100%] [34m[1mGenerating EusLisp manifest code for tug_observers_msgs[0m
[100%] Built target tug_observers_msgs_generate_messages_eus
[35m[1mScanning dependencies of target tug_observers_msgs_generate_messages[0m
[100%] Built target tug_observers_msgs_generate_messages
