Determining if the pthread_create exist failed with the following output:
Change Dir: /home/anna/catkin_ws/build/tug_protobuf_cpp_example/CMakeFiles/CMakeTmp

Run Build Command:"/usr/bin/make" "cmTC_cdc2d/fast"
/usr/bin/make -f CMakeFiles/cmTC_cdc2d.dir/build.make CMakeFiles/cmTC_cdc2d.dir/build
make[1]: Entering directory '/home/anna/catkin_ws/build/tug_protobuf_cpp_example/CMakeFiles/CMakeTmp'
Building C object CMakeFiles/cmTC_cdc2d.dir/CheckSymbolExists.c.o
/usr/bin/cc     -o CMakeFiles/cmTC_cdc2d.dir/CheckSymbolExists.c.o   -c /home/anna/catkin_ws/build/tug_protobuf_cpp_example/CMakeFiles/CMakeTmp/CheckSymbolExists.c
Linking C executable cmTC_cdc2d
/usr/bin/cmake -E cmake_link_script CMakeFiles/cmTC_cdc2d.dir/link.txt --verbose=1
/usr/bin/cc       CMakeFiles/cmTC_cdc2d.dir/CheckSymbolExists.c.o  -o cmTC_cdc2d -rdynamic 
CMakeFiles/cmTC_cdc2d.dir/CheckSymbolExists.c.o: In function `main':
CheckSymbolExists.c:(.text+0x16): undefined reference to `pthread_create'
collect2: error: ld returned 1 exit status
CMakeFiles/cmTC_cdc2d.dir/build.make:97: recipe for target 'cmTC_cdc2d' failed
make[1]: *** [cmTC_cdc2d] Error 1
make[1]: Leaving directory '/home/anna/catkin_ws/build/tug_protobuf_cpp_example/CMakeFiles/CMakeTmp'
Makefile:126: recipe for target 'cmTC_cdc2d/fast' failed
make: *** [cmTC_cdc2d/fast] Error 2

File /home/anna/catkin_ws/build/tug_protobuf_cpp_example/CMakeFiles/CMakeTmp/CheckSymbolExists.c:
/* */
#include <pthread.h>

int main(int argc, char** argv)
{
  (void)argv;
#ifndef pthread_create
  return ((int*)(&pthread_create))[argc];
#else
  (void)argc;
  return 0;
#endif
}

Determining if the function pthread_create exists in the pthreads failed with the following output:
Change Dir: /home/anna/catkin_ws/build/tug_protobuf_cpp_example/CMakeFiles/CMakeTmp

Run Build Command:"/usr/bin/make" "cmTC_2193f/fast"
/usr/bin/make -f CMakeFiles/cmTC_2193f.dir/build.make CMakeFiles/cmTC_2193f.dir/build
make[1]: Entering directory '/home/anna/catkin_ws/build/tug_protobuf_cpp_example/CMakeFiles/CMakeTmp'
Building C object CMakeFiles/cmTC_2193f.dir/CheckFunctionExists.c.o
/usr/bin/cc    -DCHECK_FUNCTION_EXISTS=pthread_create   -o CMakeFiles/cmTC_2193f.dir/CheckFunctionExists.c.o   -c /usr/share/cmake-3.5/Modules/CheckFunctionExists.c
Linking C executable cmTC_2193f
/usr/bin/cmake -E cmake_link_script CMakeFiles/cmTC_2193f.dir/link.txt --verbose=1
/usr/bin/cc   -DCHECK_FUNCTION_EXISTS=pthread_create    CMakeFiles/cmTC_2193f.dir/CheckFunctionExists.c.o  -o cmTC_2193f -rdynamic -lpthreads 
/usr/bin/ld: cannot find -lpthreads
collect2: error: ld returned 1 exit status
CMakeFiles/cmTC_2193f.dir/build.make:97: recipe for target 'cmTC_2193f' failed
make[1]: *** [cmTC_2193f] Error 1
make[1]: Leaving directory '/home/anna/catkin_ws/build/tug_protobuf_cpp_example/CMakeFiles/CMakeTmp'
Makefile:126: recipe for target 'cmTC_2193f/fast' failed
make: *** [cmTC_2193f/fast] Error 2


