Determining if the pthread_create exist failed with the following output:
Change Dir: /home/anna/catkin_ws/build/tug_time/CMakeFiles/CMakeTmp

Run Build Command:"/usr/bin/make" "cmTC_627ab/fast"
/usr/bin/make -f CMakeFiles/cmTC_627ab.dir/build.make CMakeFiles/cmTC_627ab.dir/build
make[1]: Entering directory '/home/anna/catkin_ws/build/tug_time/CMakeFiles/CMakeTmp'
Building C object CMakeFiles/cmTC_627ab.dir/CheckSymbolExists.c.o
/usr/bin/cc     -o CMakeFiles/cmTC_627ab.dir/CheckSymbolExists.c.o   -c /home/anna/catkin_ws/build/tug_time/CMakeFiles/CMakeTmp/CheckSymbolExists.c
Linking C executable cmTC_627ab
/usr/bin/cmake -E cmake_link_script CMakeFiles/cmTC_627ab.dir/link.txt --verbose=1
/usr/bin/cc       CMakeFiles/cmTC_627ab.dir/CheckSymbolExists.c.o  -o cmTC_627ab -rdynamic 
CMakeFiles/cmTC_627ab.dir/CheckSymbolExists.c.o: In function `main':
CheckSymbolExists.c:(.text+0x16): undefined reference to `pthread_create'
collect2: error: ld returned 1 exit status
CMakeFiles/cmTC_627ab.dir/build.make:97: recipe for target 'cmTC_627ab' failed
make[1]: *** [cmTC_627ab] Error 1
make[1]: Leaving directory '/home/anna/catkin_ws/build/tug_time/CMakeFiles/CMakeTmp'
Makefile:126: recipe for target 'cmTC_627ab/fast' failed
make: *** [cmTC_627ab/fast] Error 2

File /home/anna/catkin_ws/build/tug_time/CMakeFiles/CMakeTmp/CheckSymbolExists.c:
/* */
#include <pthread.h>

int main(int argc, char** argv)
{
  (void)argv;
#ifndef pthread_create
  return ((int*)(&pthread_create))[argc];
#else
  (void)argc;
  return 0;
#endif
}

Determining if the function pthread_create exists in the pthreads failed with the following output:
Change Dir: /home/anna/catkin_ws/build/tug_time/CMakeFiles/CMakeTmp

Run Build Command:"/usr/bin/make" "cmTC_d6231/fast"
/usr/bin/make -f CMakeFiles/cmTC_d6231.dir/build.make CMakeFiles/cmTC_d6231.dir/build
make[1]: Entering directory '/home/anna/catkin_ws/build/tug_time/CMakeFiles/CMakeTmp'
Building C object CMakeFiles/cmTC_d6231.dir/CheckFunctionExists.c.o
/usr/bin/cc    -DCHECK_FUNCTION_EXISTS=pthread_create   -o CMakeFiles/cmTC_d6231.dir/CheckFunctionExists.c.o   -c /usr/share/cmake-3.5/Modules/CheckFunctionExists.c
Linking C executable cmTC_d6231
/usr/bin/cmake -E cmake_link_script CMakeFiles/cmTC_d6231.dir/link.txt --verbose=1
/usr/bin/cc   -DCHECK_FUNCTION_EXISTS=pthread_create    CMakeFiles/cmTC_d6231.dir/CheckFunctionExists.c.o  -o cmTC_d6231 -rdynamic -lpthreads 
/usr/bin/ld: cannot find -lpthreads
collect2: error: ld returned 1 exit status
CMakeFiles/cmTC_d6231.dir/build.make:97: recipe for target 'cmTC_d6231' failed
make[1]: *** [cmTC_d6231] Error 1
make[1]: Leaving directory '/home/anna/catkin_ws/build/tug_time/CMakeFiles/CMakeTmp'
Makefile:126: recipe for target 'cmTC_d6231/fast' failed
make: *** [cmTC_d6231/fast] Error 2


